<?xml version="1.0" encoding="UTF-8"?>
<!-- Generated by org.testng.reporters.JUnitReportReporter -->
<testsuite hostname="30527-IA" name="tests.CukesRunnerTest" tests="1" failures="0" timestamp="13 Aug 2019 12:11:42 GMT" time="917.920" errors="0">
  <testcase name="runCukes" time="917.920" classname="tests.CukesRunnerTest"/>
</testsuite> <!-- tests.CukesRunnerTest -->
